0 info it worked if it ends with ok
1 verbose cli [ 'C:\\Program Files\\nodejs\\node.exe',
1 verbose cli   'C:\\Program Files\\nodejs\\node_modules\\npm\\bin\\npm-cli.js',
1 verbose cli   'run',
1 verbose cli   'run-android' ]
2 info using npm@3.10.10
3 info using node@v6.11.1
4 verbose run-script [ 'prerun-android', 'run-android', 'postrun-android' ]
5 info lifecycle ReactModoro@0.0.1~prerun-android: ReactModoro@0.0.1
6 silly lifecycle ReactModoro@0.0.1~prerun-android: no script for prerun-android, continuing
7 info lifecycle ReactModoro@0.0.1~run-android: ReactModoro@0.0.1
8 verbose lifecycle ReactModoro@0.0.1~run-android: unsafe-perm in lifecycle true
9 verbose lifecycle ReactModoro@0.0.1~run-android: PATH: C:\Program Files\nodejs\node_modules\npm\bin\node-gyp-bin;C:\Data\Repositories\ReactModoro\node_modules\.bin;C:\Program Files\Microsoft MPI\Bin\;C:\ProgramData\Oracle\Java\javapath;C:\Windows\system32;C:\Windows;C:\Windows\System32\Wbem;C:\Windows\System32\WindowsPowerShell\v1.0\;C:\Program Files (x86)\NVIDIA Corporation\PhysX\Common;C:\Program Files\nodejs\;C:\Program Files (x86)\GtkSharp\2.12\bin;C:\Program Files (x86)\Yarn\bin;C:\Program Files\Git\cmd;C:\Program Files (x86)\Microsoft SQL Server\130\Tools\Binn\;C:\Program Files\Microsoft SQL Server\130\Tools\Binn\;C:\Program Files (x86)\Microsoft SQL Server\130\DTS\Binn\;C:\Program Files\Microsoft SQL Server\130\DTS\Binn\;C:\Program Files\Microsoft SQL Server\Client SDK\ODBC\130\Tools\Binn\;C:\Program Files\dotnet\;C:\Program Files (x86)\Microsoft SQL Server\Client SDK\ODBC\130\Tools\Binn\;C:\Program Files (x86)\Microsoft SQL Server\140\Tools\Binn\;C:\Program Files (x86)\Microsoft SQL Server\140\DTS\Binn\;C:\Program Files (x86)\Microsoft SQL Server\140\Tools\Binn\ManagementStudio\;C:\ProgramData\Oracle\Java\javapath;C:\Windows\system32;C:\Windows;C:\Windows\System32\Wbem;C:\Windows\System32\WindowsPowerShell\v1.0\;C:\Program Files (x86)\NVIDIA Corporation\PhysX\Common;C:\Program Files\nodejs\;C:\Program Files (x86)\GtkSharp\2.12\bin;C:\Program Files (x86)\Yarn\bin;C:\Program Files\Git\cmd;C:\Users\F4sl355\AppData\Local\Microsoft\WindowsApps;C:\Users\F4sl355\AppData\Roaming\npm;C:\Users\F4sl355\AppData\Local\Yarn\bin;C:\Users\F4sl355\AppData\Local\Android\sdk\platform-tools
10 verbose lifecycle ReactModoro@0.0.1~run-android: CWD: C:\Data\Repositories\ReactModoro
11 silly lifecycle ReactModoro@0.0.1~run-android: Args: [ '/d /s /c', 'react-native run-android' ]
12 silly lifecycle ReactModoro@0.0.1~run-android: Returned: code: 1  signal: null
13 info lifecycle ReactModoro@0.0.1~run-android: Failed to exec run-android script
14 verbose stack Error: ReactModoro@0.0.1 run-android: `react-native run-android`
14 verbose stack Exit status 1
14 verbose stack     at EventEmitter.<anonymous> (C:\Program Files\nodejs\node_modules\npm\lib\utils\lifecycle.js:255:16)
14 verbose stack     at emitTwo (events.js:106:13)
14 verbose stack     at EventEmitter.emit (events.js:191:7)
14 verbose stack     at ChildProcess.<anonymous> (C:\Program Files\nodejs\node_modules\npm\lib\utils\spawn.js:40:14)
14 verbose stack     at emitTwo (events.js:106:13)
14 verbose stack     at ChildProcess.emit (events.js:191:7)
14 verbose stack     at maybeClose (internal/child_process.js:891:16)
14 verbose stack     at Process.ChildProcess._handle.onexit (internal/child_process.js:226:5)
15 verbose pkgid ReactModoro@0.0.1
16 verbose cwd C:\Data\Repositories\ReactModoro
17 error Windows_NT 10.0.15063
18 error argv "C:\\Program Files\\nodejs\\node.exe" "C:\\Program Files\\nodejs\\node_modules\\npm\\bin\\npm-cli.js" "run" "run-android"
19 error node v6.11.1
20 error npm  v3.10.10
21 error code ELIFECYCLE
22 error ReactModoro@0.0.1 run-android: `react-native run-android`
22 error Exit status 1
23 error Failed at the ReactModoro@0.0.1 run-android script 'react-native run-android'.
23 error Make sure you have the latest version of node.js and npm installed.
23 error If you do, this is most likely a problem with the ReactModoro package,
23 error not with npm itself.
23 error Tell the author that this fails on your system:
23 error     react-native run-android
23 error You can get information on how to open an issue for this project with:
23 error     npm bugs ReactModoro
23 error Or if that isn't available, you can get their info via:
23 error     npm owner ls ReactModoro
23 error There is likely additional logging output above.
24 verbose exit [ 1, true ]
